<?xml version="1.0" encoding="UTF-8"?>
<!-- Generated by org.testng.reporters.JUnitReportReporter -->
<testsuite skipped="0" hostname="DESKTOP-DGNA18A" name="org.vardhan.AB" tests="2" failures="0" timestamp="29 Jul 2021 09:21:13 GMT" time="0.000" errors="0">
  <testcase name="tc0" time="0.000" classname="org.vardhan.AB"/>
  <testcase name="tc01" time="0.000" classname="org.vardhan.AB"/>
</testsuite> <!-- org.vardhan.AB -->
